[INFO  - 2016-10-28T00:56:28.076Z] GhostDriver - Main - running on port 7528
[INFO  - 2016-10-28T00:56:28.264Z] Session [5ba93240-9ca9-11e6-9680-d343d524ab04] - page.settings - {"XSSAuditingEnabled":false,"javascriptCanCloseWindows":true,"javascriptCanOpenWindows":true,"javascriptEnabled":true,"loadImages":true,"localToRemoteUrlAccessEnabled":false,"userAgent":"Mozilla/5.0 (Unknown; Linux x86_64) AppleWebKit/538.1 (KHTML, like Gecko) PhantomJS/2.1.1 Safari/538.1","webSecurityEnabled":true}
[INFO  - 2016-10-28T00:56:28.264Z] Session [5ba93240-9ca9-11e6-9680-d343d524ab04] - page.customHeaders:  - {}
[INFO  - 2016-10-28T00:56:28.264Z] Session [5ba93240-9ca9-11e6-9680-d343d524ab04] - Session.negotiatedCapabilities - {"browserName":"phantomjs","version":"2.1.1","driverName":"ghostdriver","driverVersion":"1.2.0","platform":"linux-unknown-64bit","javascriptEnabled":true,"takesScreenshot":true,"handlesAlerts":false,"databaseEnabled":false,"locationContextEnabled":false,"applicationCacheEnabled":false,"browserConnectionEnabled":false,"cssSelectorsEnabled":true,"webStorageEnabled":false,"rotatable":false,"acceptSslCerts":false,"nativeEvents":true,"proxy":{"proxyType":"direct"}}
[INFO  - 2016-10-28T00:56:28.265Z] SessionManagerReqHand - _postNewSessionCommand - New Session Created: 5ba93240-9ca9-11e6-9680-d343d524ab04
[INFO  - 2016-10-28T00:57:20.625Z] ShutdownReqHand - _handle - About to shutdown
[INFO  - 2016-10-28T03:35:51.429Z] GhostDriver - Main - running on port 12791
[INFO  - 2016-10-28T03:35:51.544Z] Session [9fd19d20-9cbf-11e6-8367-23d143ed07c2] - page.settings - {"XSSAuditingEnabled":false,"javascriptCanCloseWindows":true,"javascriptCanOpenWindows":true,"javascriptEnabled":true,"loadImages":true,"localToRemoteUrlAccessEnabled":false,"userAgent":"Mozilla/5.0 (Unknown; Linux x86_64) AppleWebKit/538.1 (KHTML, like Gecko) PhantomJS/2.1.1 Safari/538.1","webSecurityEnabled":true}
[INFO  - 2016-10-28T03:35:51.545Z] Session [9fd19d20-9cbf-11e6-8367-23d143ed07c2] - page.customHeaders:  - {}
[INFO  - 2016-10-28T03:35:51.545Z] Session [9fd19d20-9cbf-11e6-8367-23d143ed07c2] - Session.negotiatedCapabilities - {"browserName":"phantomjs","version":"2.1.1","driverName":"ghostdriver","driverVersion":"1.2.0","platform":"linux-unknown-64bit","javascriptEnabled":true,"takesScreenshot":true,"handlesAlerts":false,"databaseEnabled":false,"locationContextEnabled":false,"applicationCacheEnabled":false,"browserConnectionEnabled":false,"cssSelectorsEnabled":true,"webStorageEnabled":false,"rotatable":false,"acceptSslCerts":false,"nativeEvents":true,"proxy":{"proxyType":"direct"}}
[INFO  - 2016-10-28T03:35:51.545Z] SessionManagerReqHand - _postNewSessionCommand - New Session Created: 9fd19d20-9cbf-11e6-8367-23d143ed07c2
[INFO  - 2016-10-28T03:36:44.779Z] ShutdownReqHand - _handle - About to shutdown
[INFO  - 2016-10-28T17:09:25.883Z] GhostDriver - Main - running on port 28517
[INFO  - 2016-10-28T17:09:26.075Z] Session [478c1560-9d31-11e6-be4f-ad1a19d1ff70] - page.settings - {"XSSAuditingEnabled":false,"javascriptCanCloseWindows":true,"javascriptCanOpenWindows":true,"javascriptEnabled":true,"loadImages":true,"localToRemoteUrlAccessEnabled":false,"userAgent":"Mozilla/5.0 (Unknown; Linux x86_64) AppleWebKit/538.1 (KHTML, like Gecko) PhantomJS/2.1.1 Safari/538.1","webSecurityEnabled":true}
[INFO  - 2016-10-28T17:09:26.075Z] Session [478c1560-9d31-11e6-be4f-ad1a19d1ff70] - page.customHeaders:  - {}
[INFO  - 2016-10-28T17:09:26.075Z] Session [478c1560-9d31-11e6-be4f-ad1a19d1ff70] - Session.negotiatedCapabilities - {"browserName":"phantomjs","version":"2.1.1","driverName":"ghostdriver","driverVersion":"1.2.0","platform":"linux-unknown-64bit","javascriptEnabled":true,"takesScreenshot":true,"handlesAlerts":false,"databaseEnabled":false,"locationContextEnabled":false,"applicationCacheEnabled":false,"browserConnectionEnabled":false,"cssSelectorsEnabled":true,"webStorageEnabled":false,"rotatable":false,"acceptSslCerts":false,"nativeEvents":true,"proxy":{"proxyType":"direct"}}
[INFO  - 2016-10-28T17:09:26.075Z] SessionManagerReqHand - _postNewSessionCommand - New Session Created: 478c1560-9d31-11e6-be4f-ad1a19d1ff70
[INFO  - 2016-10-28T17:10:18.339Z] ShutdownReqHand - _handle - About to shutdown
[INFO  - 2016-10-28T17:11:11.006Z] GhostDriver - Main - running on port 22224
[INFO  - 2016-10-28T17:11:11.334Z] Session [86497c20-9d31-11e6-a72f-d97473b45f34] - page.settings - {"XSSAuditingEnabled":false,"javascriptCanCloseWindows":true,"javascriptCanOpenWindows":true,"javascriptEnabled":true,"loadImages":true,"localToRemoteUrlAccessEnabled":false,"userAgent":"Mozilla/5.0 (Unknown; Linux x86_64) AppleWebKit/538.1 (KHTML, like Gecko) PhantomJS/2.1.1 Safari/538.1","webSecurityEnabled":true}
[INFO  - 2016-10-28T17:11:11.334Z] Session [86497c20-9d31-11e6-a72f-d97473b45f34] - page.customHeaders:  - {}
[INFO  - 2016-10-28T17:11:11.335Z] Session [86497c20-9d31-11e6-a72f-d97473b45f34] - Session.negotiatedCapabilities - {"browserName":"phantomjs","version":"2.1.1","driverName":"ghostdriver","driverVersion":"1.2.0","platform":"linux-unknown-64bit","javascriptEnabled":true,"takesScreenshot":true,"handlesAlerts":false,"databaseEnabled":false,"locationContextEnabled":false,"applicationCacheEnabled":false,"browserConnectionEnabled":false,"cssSelectorsEnabled":true,"webStorageEnabled":false,"rotatable":false,"acceptSslCerts":false,"nativeEvents":true,"proxy":{"proxyType":"direct"}}
[INFO  - 2016-10-28T17:11:11.335Z] SessionManagerReqHand - _postNewSessionCommand - New Session Created: 86497c20-9d31-11e6-a72f-d97473b45f34
[INFO  - 2016-10-28T17:12:03.409Z] ShutdownReqHand - _handle - About to shutdown
[INFO  - 2016-10-28T17:18:11.090Z] GhostDriver - Main - running on port 25547
[INFO  - 2016-10-28T17:18:11.262Z] Session [80954290-9d32-11e6-b543-29a7920d9d0c] - page.settings - {"XSSAuditingEnabled":false,"javascriptCanCloseWindows":true,"javascriptCanOpenWindows":true,"javascriptEnabled":true,"loadImages":true,"localToRemoteUrlAccessEnabled":false,"userAgent":"Mozilla/5.0 (Unknown; Linux x86_64) AppleWebKit/538.1 (KHTML, like Gecko) PhantomJS/2.1.1 Safari/538.1","webSecurityEnabled":true}
[INFO  - 2016-10-28T17:18:11.262Z] Session [80954290-9d32-11e6-b543-29a7920d9d0c] - page.customHeaders:  - {}
[INFO  - 2016-10-28T17:18:11.262Z] Session [80954290-9d32-11e6-b543-29a7920d9d0c] - Session.negotiatedCapabilities - {"browserName":"phantomjs","version":"2.1.1","driverName":"ghostdriver","driverVersion":"1.2.0","platform":"linux-unknown-64bit","javascriptEnabled":true,"takesScreenshot":true,"handlesAlerts":false,"databaseEnabled":false,"locationContextEnabled":false,"applicationCacheEnabled":false,"browserConnectionEnabled":false,"cssSelectorsEnabled":true,"webStorageEnabled":false,"rotatable":false,"acceptSslCerts":false,"nativeEvents":true,"proxy":{"proxyType":"direct"}}
[INFO  - 2016-10-28T17:18:11.262Z] SessionManagerReqHand - _postNewSessionCommand - New Session Created: 80954290-9d32-11e6-b543-29a7920d9d0c
[INFO  - 2016-10-28T17:19:03.395Z] ShutdownReqHand - _handle - About to shutdown
[INFO  - 2016-10-28T17:39:40.048Z] GhostDriver - Main - running on port 11281
[INFO  - 2016-10-28T17:39:40.208Z] Session [80daf6c0-9d35-11e6-abec-71ebf618b0fa] - page.settings - {"XSSAuditingEnabled":false,"javascriptCanCloseWindows":true,"javascriptCanOpenWindows":true,"javascriptEnabled":true,"loadImages":true,"localToRemoteUrlAccessEnabled":false,"userAgent":"Mozilla/5.0 (Unknown; Linux x86_64) AppleWebKit/538.1 (KHTML, like Gecko) PhantomJS/2.1.1 Safari/538.1","webSecurityEnabled":true}
[INFO  - 2016-10-28T17:39:40.208Z] Session [80daf6c0-9d35-11e6-abec-71ebf618b0fa] - page.customHeaders:  - {}
[INFO  - 2016-10-28T17:39:40.209Z] Session [80daf6c0-9d35-11e6-abec-71ebf618b0fa] - Session.negotiatedCapabilities - {"browserName":"phantomjs","version":"2.1.1","driverName":"ghostdriver","driverVersion":"1.2.0","platform":"linux-unknown-64bit","javascriptEnabled":true,"takesScreenshot":true,"handlesAlerts":false,"databaseEnabled":false,"locationContextEnabled":false,"applicationCacheEnabled":false,"browserConnectionEnabled":false,"cssSelectorsEnabled":true,"webStorageEnabled":false,"rotatable":false,"acceptSslCerts":false,"nativeEvents":true,"proxy":{"proxyType":"direct"}}
[INFO  - 2016-10-28T17:39:40.209Z] SessionManagerReqHand - _postNewSessionCommand - New Session Created: 80daf6c0-9d35-11e6-abec-71ebf618b0fa
[ERROR - 2016-10-28T17:39:51.111Z] Session [80daf6c0-9d35-11e6-abec-71ebf618b0fa] - page.onError - msg: Error: [$parse:syntax] Syntax Error: Token 'ng' is an unexpected token at column 17 of the expression [ptorQuestionGoA ng-click=] starting at [ng-click=].
http://errors.angularjs.org/1.5.3/$parse/syntax?p0=ng&p1=is%20an%20unexpected%20token&p2=17&p3=ptorQuestionGoA%20ng-click%3D&p4=ng-click%3D
throwError@https://tktest-martinssf.c9users.io:8081/lib/ionic/js/ionic.bundle.js:27383:91
ast@https://tktest-martinssf.c9users.io:8081/lib/ionic/js/ionic.bundle.js:27149:22
compile@https://tktest-martinssf.c9users.io:8081/lib/ionic/js/ionic.bundle.js:27597:34
parse@https://tktest-martinssf.c9users.io:8081/lib/ionic/js/ionic.bundle.js:28484:36
$parse@https://tktest-martinssf.c9users.io:8081/lib/ionic/js/ionic.bundle.js:28615:44
$watch@https://tktest-martinssf.c9users.io:8081/lib/ionic/js/ionic.bundle.js:29828:25
link@https://tktest-martinssf.c9users.io:8081/lib/ionic/js/ionic.bundle.js:37238:21
invokeLinkFn@https://tktest-martinssf.c9users.io:8081/lib/ionic/js/ionic.bundle.js:22998:15
nodeLinkFn@https://tktest-martinssf.c9users.io:8081/lib/ionic/js/ionic.bundle.js:22397:23
compositeLinkFn@https://tktest-martinssf.c9users.io:8081/lib/ionic/js/ionic.bundle.js:21708:23
compositeLinkFn@https://tktest-martinssf.c9users.io:8081/lib/ionic/js/ionic.bundle.js:21711:24
nodeLinkFn@https://tktest-martinssf.c9users.io:8081/lib/ionic/js/ionic.bundle.js:22392:35
compositeLinkFn@https://tktest-martinssf.c9users.io:8081/lib/ionic/js/ionic.bundle.js:21708:23
nodeLinkFn@https://tktest-martinssf.c9users.io:8081/lib/ionic/js/ionic.bundle.js:22392:35
compositeLinkFn@https://tktest-martinssf.c9users.io:8081/lib/ionic/js/ionic.bundle.js:21708:23
publicLinkFn@https://tktest-martinssf.c9users.io:8081/lib/ionic/js/ionic.bundle.js:21588:45
appendViewElement@https://tktest-martinssf.c9users.io:8081/lib/ionic/js/ionic.bundle.js:59915:11
render@https://tktest-martinssf.c9users.io:8081/lib/ionic/js/ionic.bundle.js:57901:58
init@https://tktest-martinssf.c9users.io:8081/lib/ionic/js/ionic.bundle.js:57821:26
render@https://tktest-martinssf.c9users.io:8081/lib/ionic/js/ionic.bundle.js:59767:18
register@https://tktest-martinssf.c9users.io:8081/lib/ionic/js/ionic.bundle.js:59725:16
updateView@https://tktest-martinssf.c9users.io:8081/lib/ionic/js/ionic.bundle.js:65400:31
https://tktest-martinssf.c9users.io:8081/lib/ionic/js/ionic.bundle.js:65377:21
$broadcast@https://tktest-martinssf.c9users.io:8081/lib/ionic/js/ionic.bundle.js:30723:33
https://tktest-martinssf.c9users.io:8081/lib/ionic/js/ionic.bundle.js:52162:32
processQueue@https://tktest-martinssf.c9users.io:8081/lib/ionic/js/ionic.bundle.js:29132:30
https://tktest-martinssf.c9users.io:8081/lib/ionic/js/ionic.bundle.js:29148:39
$eval@https://tktest-martinssf.c9users.io:8081/lib/ionic/js/ionic.bundle.js:30400:28
$digest@https://tktest-martinssf.c9users.io:8081/lib/ionic/js/ionic.bundle.js:30216:36
$apply@https://tktest-martinssf.c9users.io:8081/lib/ionic/js/ionic.bundle.js:30508:31
https://tktest-martinssf.c9users.io:8081/lib/ionic/js/ionic.bundle.js:65428:19
defaultHandlerWrapper@https://tktest-martinssf.c9users.io:8081/lib/ionic/js/ionic.bundle.js:16792:15
eventHandler@https://tktest-martinssf.c9users.io:8081/lib/ionic/js/ionic.bundle.js:16780:23
dispatchEvent@[native code]
triggerMouseEvent@https://tktest-martinssf.c9users.io:8081/lib/ionic/js/ionic.bundle.js:2953:20
tapClick@https://tktest-martinssf.c9users.io:8081/lib/ionic/js/ionic.bundle.js:2942:20
tapMouseUp@https://tktest-martinssf.c9users.io:8081/lib/ionic/js/ionic.bundle.js:3018:13
dispatchEvent@[native code]
U
$
$
bh
gh
sh



global code
evaluateJavaScript@[native code]
evaluate@phantomjs://platform/webpage.js:390:39
phantomjs://code/webelement_request_handler.js:405:47
_execFuncAndWaitForLoadDecorator@phantomjs://code/session.js:212:23
_postClickCommand@phantomjs://code/webelement_request_handler.js:403:42
_handle@phantomjs://code/webelement_request_handler.js:90:30
_reroute@phantomjs://code/request_handler.js:61:20
_handle@phantomjs://code/session_request_handler.js:120:42
_reroute@phantomjs://code/request_handler.js:61:20
_handle@phantomjs://code/router_request_handler.js:78:46 <div class="card" ng-class="ptorQuestionGoA ng-click=" buttonclicked('a')"="">
[ERROR - 2016-10-28T17:39:51.111Z] Session [80daf6c0-9d35-11e6-abec-71ebf618b0fa] - page.onError - stack:
  (anonymous function) (https://tktest-martinssf.c9users.io:8081/lib/ionic/js/ionic.bundle.js:26799)
[ERROR - 2016-10-28T17:39:55.326Z] Session [80daf6c0-9d35-11e6-abec-71ebf618b0fa] - page.onError - msg: Error: [$parse:syntax] Syntax Error: Token 'ng' is an unexpected token at column 17 of the expression [ptorQuestionGoA ng-click=] starting at [ng-click=].
http://errors.angularjs.org/1.5.3/$parse/syntax?p0=ng&p1=is%20an%20unexpected%20token&p2=17&p3=ptorQuestionGoA%20ng-click%3D&p4=ng-click%3D
throwError@https://tktest-martinssf.c9users.io:8081/lib/ionic/js/ionic.bundle.js:27383:91
ast@https://tktest-martinssf.c9users.io:8081/lib/ionic/js/ionic.bundle.js:27149:22
compile@https://tktest-martinssf.c9users.io:8081/lib/ionic/js/ionic.bundle.js:27597:34
parse@https://tktest-martinssf.c9users.io:8081/lib/ionic/js/ionic.bundle.js:28484:36
$parse@https://tktest-martinssf.c9users.io:8081/lib/ionic/js/ionic.bundle.js:28615:44
$watch@https://tktest-martinssf.c9users.io:8081/lib/ionic/js/ionic.bundle.js:29828:25
link@https://tktest-martinssf.c9users.io:8081/lib/ionic/js/ionic.bundle.js:37238:21
invokeLinkFn@https://tktest-martinssf.c9users.io:8081/lib/ionic/js/ionic.bundle.js:22998:15
nodeLinkFn@https://tktest-martinssf.c9users.io:8081/lib/ionic/js/ionic.bundle.js:22397:23
compositeLinkFn@https://tktest-martinssf.c9users.io:8081/lib/ionic/js/ionic.bundle.js:21708:23
compositeLinkFn@https://tktest-martinssf.c9users.io:8081/lib/ionic/js/ionic.bundle.js:21711:24
nodeLinkFn@https://tktest-martinssf.c9users.io:8081/lib/ionic/js/ionic.bundle.js:22392:35
compositeLinkFn@https://tktest-martinssf.c9users.io:8081/lib/ionic/js/ionic.bundle.js:21708:23
nodeLinkFn@https://tktest-martinssf.c9users.io:8081/lib/ionic/js/ionic.bundle.js:22392:35
compositeLinkFn@https://tktest-martinssf.c9users.io:8081/lib/ionic/js/ionic.bundle.js:21708:23
publicLinkFn@https://tktest-martinssf.c9users.io:8081/lib/ionic/js/ionic.bundle.js:21588:45
appendViewElement@https://tktest-martinssf.c9users.io:8081/lib/ionic/js/ionic.bundle.js:59915:11
render@https://tktest-martinssf.c9users.io:8081/lib/ionic/js/ionic.bundle.js:57901:58
init@https://tktest-martinssf.c9users.io:8081/lib/ionic/js/ionic.bundle.js:57821:26
render@https://tktest-martinssf.c9users.io:8081/lib/ionic/js/ionic.bundle.js:59767:18
register@https://tktest-martinssf.c9users.io:8081/lib/ionic/js/ionic.bundle.js:59725:16
updateView@https://tktest-martinssf.c9users.io:8081/lib/ionic/js/ionic.bundle.js:65400:31
https://tktest-martinssf.c9users.io:8081/lib/ionic/js/ionic.bundle.js:65377:21
$broadcast@https://tktest-martinssf.c9users.io:8081/lib/ionic/js/ionic.bundle.js:30723:33
https://tktest-martinssf.c9users.io:8081/lib/ionic/js/ionic.bundle.js:52162:32
processQueue@https://tktest-martinssf.c9users.io:8081/lib/ionic/js/ionic.bundle.js:29132:30
https://tktest-martinssf.c9users.io:8081/lib/ionic/js/ionic.bundle.js:29148:39
$eval@https://tktest-martinssf.c9users.io:8081/lib/ionic/js/ionic.bundle.js:30400:28
$digest@https://tktest-martinssf.c9users.io:8081/lib/ionic/js/ionic.bundle.js:30216:36
$apply@https://tktest-martinssf.c9users.io:8081/lib/ionic/js/ionic.bundle.js:30508:31
https://tktest-martinssf.c9users.io:8081/lib/ionic/js/ionic.bundle.js:65428:19
defaultHandlerWrapper@https://tktest-martinssf.c9users.io:8081/lib/ionic/js/ionic.bundle.js:16792:15
eventHandler@https://tktest-martinssf.c9users.io:8081/lib/ionic/js/ionic.bundle.js:16780:23
dispatchEvent@[native code]
triggerMouseEvent@https://tktest-martinssf.c9users.io:8081/lib/ionic/js/ionic.bundle.js:2953:20
tapClick@https://tktest-martinssf.c9users.io:8081/lib/ionic/js/ionic.bundle.js:2942:20
tapMouseUp@https://tktest-martinssf.c9users.io:8081/lib/ionic/js/ionic.bundle.js:3018:13
dispatchEvent@[native code]
U
$
$
bh
gh
sh



global code
evaluateJavaScript@[native code]
evaluate@phantomjs://platform/webpage.js:390:39
phantomjs://code/webelement_request_handler.js:405:47
_execFuncAndWaitForLoadDecorator@phantomjs://code/session.js:212:23
_postClickCommand@phantomjs://code/webelement_request_handler.js:403:42
_handle@phantomjs://code/webelement_request_handler.js:90:30
_reroute@phantomjs://code/request_handler.js:61:20
_handle@phantomjs://code/session_request_handler.js:120:42
_reroute@phantomjs://code/request_handler.js:61:20
_handle@phantomjs://code/router_request_handler.js:78:46 <div class="card" ng-class="ptorQuestionGoA ng-click=" buttonclicked('a')"="">
[ERROR - 2016-10-28T17:39:55.326Z] Session [80daf6c0-9d35-11e6-abec-71ebf618b0fa] - page.onError - stack:
  (anonymous function) (https://tktest-martinssf.c9users.io:8081/lib/ionic/js/ionic.bundle.js:26799)
[ERROR - 2016-10-28T17:40:00.107Z] Session [80daf6c0-9d35-11e6-abec-71ebf618b0fa] - page.onError - msg: Error: [$parse:syntax] Syntax Error: Token 'ng' is an unexpected token at column 17 of the expression [ptorQuestionGoA ng-click=] starting at [ng-click=].
http://errors.angularjs.org/1.5.3/$parse/syntax?p0=ng&p1=is%20an%20unexpected%20token&p2=17&p3=ptorQuestionGoA%20ng-click%3D&p4=ng-click%3D
throwError@https://tktest-martinssf.c9users.io:8081/lib/ionic/js/ionic.bundle.js:27383:91
ast@https://tktest-martinssf.c9users.io:8081/lib/ionic/js/ionic.bundle.js:27149:22
compile@https://tktest-martinssf.c9users.io:8081/lib/ionic/js/ionic.bundle.js:27597:34
parse@https://tktest-martinssf.c9users.io:8081/lib/ionic/js/ionic.bundle.js:28484:36
$parse@https://tktest-martinssf.c9users.io:8081/lib/ionic/js/ionic.bundle.js:28615:44
$watch@https://tktest-martinssf.c9users.io:8081/lib/ionic/js/ionic.bundle.js:29828:25
link@https://tktest-martinssf.c9users.io:8081/lib/ionic/js/ionic.bundle.js:37238:21
invokeLinkFn@https://tktest-martinssf.c9users.io:8081/lib/ionic/js/ionic.bundle.js:22998:15
nodeLinkFn@https://tktest-martinssf.c9users.io:8081/lib/ionic/js/ionic.bundle.js:22397:23
compositeLinkFn@https://tktest-martinssf.c9users.io:8081/lib/ionic/js/ionic.bundle.js:21708:23
compositeLinkFn@https://tktest-martinssf.c9users.io:8081/lib/ionic/js/ionic.bundle.js:21711:24
nodeLinkFn@https://tktest-martinssf.c9users.io:8081/lib/ionic/js/ionic.bundle.js:22392:35
compositeLinkFn@https://tktest-martinssf.c9users.io:8081/lib/ionic/js/ionic.bundle.js:21708:23
nodeLinkFn@https://tktest-martinssf.c9users.io:8081/lib/ionic/js/ionic.bundle.js:22392:35
compositeLinkFn@https://tktest-martinssf.c9users.io:8081/lib/ionic/js/ionic.bundle.js:21708:23
publicLinkFn@https://tktest-martinssf.c9users.io:8081/lib/ionic/js/ionic.bundle.js:21588:45
appendViewElement@https://tktest-martinssf.c9users.io:8081/lib/ionic/js/ionic.bundle.js:59915:11
render@https://tktest-martinssf.c9users.io:8081/lib/ionic/js/ionic.bundle.js:57901:58
init@https://tktest-martinssf.c9users.io:8081/lib/ionic/js/ionic.bundle.js:57821:26
render@https://tktest-martinssf.c9users.io:8081/lib/ionic/js/ionic.bundle.js:59767:18
register@https://tktest-martinssf.c9users.io:8081/lib/ionic/js/ionic.bundle.js:59725:16
updateView@https://tktest-martinssf.c9users.io:8081/lib/ionic/js/ionic.bundle.js:65400:31
https://tktest-martinssf.c9users.io:8081/lib/ionic/js/ionic.bundle.js:65377:21
$broadcast@https://tktest-martinssf.c9users.io:8081/lib/ionic/js/ionic.bundle.js:30723:33
https://tktest-martinssf.c9users.io:8081/lib/ionic/js/ionic.bundle.js:52162:32
processQueue@https://tktest-martinssf.c9users.io:8081/lib/ionic/js/ionic.bundle.js:29132:30
https://tktest-martinssf.c9users.io:8081/lib/ionic/js/ionic.bundle.js:29148:39
$eval@https://tktest-martinssf.c9users.io:8081/lib/ionic/js/ionic.bundle.js:30400:28
$digest@https://tktest-martinssf.c9users.io:8081/lib/ionic/js/ionic.bundle.js:30216:36
$apply@https://tktest-martinssf.c9users.io:8081/lib/ionic/js/ionic.bundle.js:30508:31
https://tktest-martinssf.c9users.io:8081/lib/ionic/js/ionic.bundle.js:65428:19
defaultHandlerWrapper@https://tktest-martinssf.c9users.io:8081/lib/ionic/js/ionic.bundle.js:16792:15
eventHandler@https://tktest-martinssf.c9users.io:8081/lib/ionic/js/ionic.bundle.js:16780:23
dispatchEvent@[native code]
triggerMouseEvent@https://tktest-martinssf.c9users.io:8081/lib/ionic/js/ionic.bundle.js:2953:20
tapClick@https://tktest-martinssf.c9users.io:8081/lib/ionic/js/ionic.bundle.js:2942:20
tapMouseUp@https://tktest-martinssf.c9users.io:8081/lib/ionic/js/ionic.bundle.js:3018:13
dispatchEvent@[native code]
U
$
$
bh
gh
sh



global code
evaluateJavaScript@[native code]
evaluate@phantomjs://platform/webpage.js:390:39
phantomjs://code/webelement_request_handler.js:405:47
_execFuncAndWaitForLoadDecorator@phantomjs://code/session.js:212:23
_postClickCommand@phantomjs://code/webelement_request_handler.js:403:42
_handle@phantomjs://code/webelement_request_handler.js:90:30
_reroute@phantomjs://code/request_handler.js:61:20
_handle@phantomjs://code/session_request_handler.js:120:42
_reroute@phantomjs://code/request_handler.js:61:20
_handle@phantomjs://code/router_request_handler.js:78:46 <div class="card" ng-class="ptorQuestionGoA ng-click=" buttonclicked('a')"="">
[ERROR - 2016-10-28T17:40:00.107Z] Session [80daf6c0-9d35-11e6-abec-71ebf618b0fa] - page.onError - stack:
  (anonymous function) (https://tktest-martinssf.c9users.io:8081/lib/ionic/js/ionic.bundle.js:26799)
[INFO  - 2016-10-28T17:40:01.307Z] ShutdownReqHand - _handle - About to shutdown
[INFO  - 2016-10-28T18:04:11.414Z] GhostDriver - Main - running on port 4738
[INFO  - 2016-10-28T18:04:11.561Z] Session [edd94f30-9d38-11e6-b2e7-359e82fac23f] - page.settings - {"XSSAuditingEnabled":false,"javascriptCanCloseWindows":true,"javascriptCanOpenWindows":true,"javascriptEnabled":true,"loadImages":true,"localToRemoteUrlAccessEnabled":false,"userAgent":"Mozilla/5.0 (Unknown; Linux x86_64) AppleWebKit/538.1 (KHTML, like Gecko) PhantomJS/2.1.1 Safari/538.1","webSecurityEnabled":true}
[INFO  - 2016-10-28T18:04:11.561Z] Session [edd94f30-9d38-11e6-b2e7-359e82fac23f] - page.customHeaders:  - {}
[INFO  - 2016-10-28T18:04:11.561Z] Session [edd94f30-9d38-11e6-b2e7-359e82fac23f] - Session.negotiatedCapabilities - {"browserName":"phantomjs","version":"2.1.1","driverName":"ghostdriver","driverVersion":"1.2.0","platform":"linux-unknown-64bit","javascriptEnabled":true,"takesScreenshot":true,"handlesAlerts":false,"databaseEnabled":false,"locationContextEnabled":false,"applicationCacheEnabled":false,"browserConnectionEnabled":false,"cssSelectorsEnabled":true,"webStorageEnabled":false,"rotatable":false,"acceptSslCerts":false,"nativeEvents":true,"proxy":{"proxyType":"direct"}}
[INFO  - 2016-10-28T18:04:11.562Z] SessionManagerReqHand - _postNewSessionCommand - New Session Created: edd94f30-9d38-11e6-b2e7-359e82fac23f
[ERROR - 2016-10-28T18:04:22.553Z] Session [edd94f30-9d38-11e6-b2e7-359e82fac23f] - page.onError - msg: Error: [$parse:syntax] Syntax Error: Token 'ng' is an unexpected token at column 17 of the expression [ptorQuestionGoA ng-click=] starting at [ng-click=].
http://errors.angularjs.org/1.5.3/$parse/syntax?p0=ng&p1=is%20an%20unexpected%20token&p2=17&p3=ptorQuestionGoA%20ng-click%3D&p4=ng-click%3D
throwError@https://tktest-martinssf.c9users.io:8081/lib/ionic/js/ionic.bundle.js:27383:91
ast@https://tktest-martinssf.c9users.io:8081/lib/ionic/js/ionic.bundle.js:27149:22
compile@https://tktest-martinssf.c9users.io:8081/lib/ionic/js/ionic.bundle.js:27597:34
parse@https://tktest-martinssf.c9users.io:8081/lib/ionic/js/ionic.bundle.js:28484:36
$parse@https://tktest-martinssf.c9users.io:8081/lib/ionic/js/ionic.bundle.js:28615:44
$watch@https://tktest-martinssf.c9users.io:8081/lib/ionic/js/ionic.bundle.js:29828:25
link@https://tktest-martinssf.c9users.io:8081/lib/ionic/js/ionic.bundle.js:37238:21
invokeLinkFn@https://tktest-martinssf.c9users.io:8081/lib/ionic/js/ionic.bundle.js:22998:15
nodeLinkFn@https://tktest-martinssf.c9users.io:8081/lib/ionic/js/ionic.bundle.js:22397:23
compositeLinkFn@https://tktest-martinssf.c9users.io:8081/lib/ionic/js/ionic.bundle.js:21708:23
compositeLinkFn@https://tktest-martinssf.c9users.io:8081/lib/ionic/js/ionic.bundle.js:21711:24
nodeLinkFn@https://tktest-martinssf.c9users.io:8081/lib/ionic/js/ionic.bundle.js:22392:35
compositeLinkFn@https://tktest-martinssf.c9users.io:8081/lib/ionic/js/ionic.bundle.js:21708:23
nodeLinkFn@https://tktest-martinssf.c9users.io:8081/lib/ionic/js/ionic.bundle.js:22392:35
compositeLinkFn@https://tktest-martinssf.c9users.io:8081/lib/ionic/js/ionic.bundle.js:21708:23
publicLinkFn@https://tktest-martinssf.c9users.io:8081/lib/ionic/js/ionic.bundle.js:21588:45
appendViewElement@https://tktest-martinssf.c9users.io:8081/lib/ionic/js/ionic.bundle.js:59915:11
render@https://tktest-martinssf.c9users.io:8081/lib/ionic/js/ionic.bundle.js:57901:58
init@https://tktest-martinssf.c9users.io:8081/lib/ionic/js/ionic.bundle.js:57821:26
render@https://tktest-martinssf.c9users.io:8081/lib/ionic/js/ionic.bundle.js:59767:18
register@https://tktest-martinssf.c9users.io:8081/lib/ionic/js/ionic.bundle.js:59725:16
updateView@https://tktest-martinssf.c9users.io:8081/lib/ionic/js/ionic.bundle.js:65400:31
https://tktest-martinssf.c9users.io:8081/lib/ionic/js/ionic.bundle.js:65377:21
$broadcast@https://tktest-martinssf.c9users.io:8081/lib/ionic/js/ionic.bundle.js:30723:33
https://tktest-martinssf.c9users.io:8081/lib/ionic/js/ionic.bundle.js:52162:32
processQueue@https://tktest-martinssf.c9users.io:8081/lib/ionic/js/ionic.bundle.js:29132:30
https://tktest-martinssf.c9users.io:8081/lib/ionic/js/ionic.bundle.js:29148:39
$eval@https://tktest-martinssf.c9users.io:8081/lib/ionic/js/ionic.bundle.js:30400:28
$digest@https://tktest-martinssf.c9users.io:8081/lib/ionic/js/ionic.bundle.js:30216:36
$apply@https://tktest-martinssf.c9users.io:8081/lib/ionic/js/ionic.bundle.js:30508:31
https://tktest-martinssf.c9users.io:8081/lib/ionic/js/ionic.bundle.js:65428:19
defaultHandlerWrapper@https://tktest-martinssf.c9users.io:8081/lib/ionic/js/ionic.bundle.js:16792:15
eventHandler@https://tktest-martinssf.c9users.io:8081/lib/ionic/js/ionic.bundle.js:16780:23
dispatchEvent@[native code]
triggerMouseEvent@https://tktest-martinssf.c9users.io:8081/lib/ionic/js/ionic.bundle.js:2953:20
tapClick@https://tktest-martinssf.c9users.io:8081/lib/ionic/js/ionic.bundle.js:2942:20
tapMouseUp@https://tktest-martinssf.c9users.io:8081/lib/ionic/js/ionic.bundle.js:3018:13
dispatchEvent@[native code]
U
$
$
bh
gh
sh



global code
evaluateJavaScript@[native code]
evaluate@phantomjs://platform/webpage.js:390:39
phantomjs://code/webelement_request_handler.js:405:47
_execFuncAndWaitForLoadDecorator@phantomjs://code/session.js:212:23
_postClickCommand@phantomjs://code/webelement_request_handler.js:403:42
_handle@phantomjs://code/webelement_request_handler.js:90:30
_reroute@phantomjs://code/request_handler.js:61:20
_handle@phantomjs://code/session_request_handler.js:120:42
_reroute@phantomjs://code/request_handler.js:61:20
_handle@phantomjs://code/router_request_handler.js:78:46 <div class="card" ng-class="ptorQuestionGoA ng-click=" buttonclicked('a')"="">
[ERROR - 2016-10-28T18:04:22.553Z] Session [edd94f30-9d38-11e6-b2e7-359e82fac23f] - page.onError - stack:
  (anonymous function) (https://tktest-martinssf.c9users.io:8081/lib/ionic/js/ionic.bundle.js:26799)
[ERROR - 2016-10-28T18:04:26.758Z] Session [edd94f30-9d38-11e6-b2e7-359e82fac23f] - page.onError - msg: Error: [$parse:syntax] Syntax Error: Token 'ng' is an unexpected token at column 17 of the expression [ptorQuestionGoA ng-click=] starting at [ng-click=].
http://errors.angularjs.org/1.5.3/$parse/syntax?p0=ng&p1=is%20an%20unexpected%20token&p2=17&p3=ptorQuestionGoA%20ng-click%3D&p4=ng-click%3D
throwError@https://tktest-martinssf.c9users.io:8081/lib/ionic/js/ionic.bundle.js:27383:91
ast@https://tktest-martinssf.c9users.io:8081/lib/ionic/js/ionic.bundle.js:27149:22
compile@https://tktest-martinssf.c9users.io:8081/lib/ionic/js/ionic.bundle.js:27597:34
parse@https://tktest-martinssf.c9users.io:8081/lib/ionic/js/ionic.bundle.js:28484:36
$parse@https://tktest-martinssf.c9users.io:8081/lib/ionic/js/ionic.bundle.js:28615:44
$watch@https://tktest-martinssf.c9users.io:8081/lib/ionic/js/ionic.bundle.js:29828:25
link@https://tktest-martinssf.c9users.io:8081/lib/ionic/js/ionic.bundle.js:37238:21
invokeLinkFn@https://tktest-martinssf.c9users.io:8081/lib/ionic/js/ionic.bundle.js:22998:15
nodeLinkFn@https://tktest-martinssf.c9users.io:8081/lib/ionic/js/ionic.bundle.js:22397:23
compositeLinkFn@https://tktest-martinssf.c9users.io:8081/lib/ionic/js/ionic.bundle.js:21708:23
compositeLinkFn@https://tktest-martinssf.c9users.io:8081/lib/ionic/js/ionic.bundle.js:21711:24
nodeLinkFn@https://tktest-martinssf.c9users.io:8081/lib/ionic/js/ionic.bundle.js:22392:35
compositeLinkFn@https://tktest-martinssf.c9users.io:8081/lib/ionic/js/ionic.bundle.js:21708:23
nodeLinkFn@https://tktest-martinssf.c9users.io:8081/lib/ionic/js/ionic.bundle.js:22392:35
compositeLinkFn@https://tktest-martinssf.c9users.io:8081/lib/ionic/js/ionic.bundle.js:21708:23
publicLinkFn@https://tktest-martinssf.c9users.io:8081/lib/ionic/js/ionic.bundle.js:21588:45
appendViewElement@https://tktest-martinssf.c9users.io:8081/lib/ionic/js/ionic.bundle.js:59915:11
render@https://tktest-martinssf.c9users.io:8081/lib/ionic/js/ionic.bundle.js:57901:58
init@https://tktest-martinssf.c9users.io:8081/lib/ionic/js/ionic.bundle.js:57821:26
render@https://tktest-martinssf.c9users.io:8081/lib/ionic/js/ionic.bundle.js:59767:18
register@https://tktest-martinssf.c9users.io:8081/lib/ionic/js/ionic.bundle.js:59725:16
updateView@https://tktest-martinssf.c9users.io:8081/lib/ionic/js/ionic.bundle.js:65400:31
https://tktest-martinssf.c9users.io:8081/lib/ionic/js/ionic.bundle.js:65377:21
$broadcast@https://tktest-martinssf.c9users.io:8081/lib/ionic/js/ionic.bundle.js:30723:33
https://tktest-martinssf.c9users.io:8081/lib/ionic/js/ionic.bundle.js:52162:32
processQueue@https://tktest-martinssf.c9users.io:8081/lib/ionic/js/ionic.bundle.js:29132:30
https://tktest-martinssf.c9users.io:8081/lib/ionic/js/ionic.bundle.js:29148:39
$eval@https://tktest-martinssf.c9users.io:8081/lib/ionic/js/ionic.bundle.js:30400:28
$digest@https://tktest-martinssf.c9users.io:8081/lib/ionic/js/ionic.bundle.js:30216:36
$apply@https://tktest-martinssf.c9users.io:8081/lib/ionic/js/ionic.bundle.js:30508:31
https://tktest-martinssf.c9users.io:8081/lib/ionic/js/ionic.bundle.js:65428:19
defaultHandlerWrapper@https://tktest-martinssf.c9users.io:8081/lib/ionic/js/ionic.bundle.js:16792:15
eventHandler@https://tktest-martinssf.c9users.io:8081/lib/ionic/js/ionic.bundle.js:16780:23
dispatchEvent@[native code]
triggerMouseEvent@https://tktest-martinssf.c9users.io:8081/lib/ionic/js/ionic.bundle.js:2953:20
tapClick@https://tktest-martinssf.c9users.io:8081/lib/ionic/js/ionic.bundle.js:2942:20
tapMouseUp@https://tktest-martinssf.c9users.io:8081/lib/ionic/js/ionic.bundle.js:3018:13
dispatchEvent@[native code]
U
$
$
bh
gh
sh



global code
evaluateJavaScript@[native code]
evaluate@phantomjs://platform/webpage.js:390:39
phantomjs://code/webelement_request_handler.js:405:47
_execFuncAndWaitForLoadDecorator@phantomjs://code/session.js:212:23
_postClickCommand@phantomjs://code/webelement_request_handler.js:403:42
_handle@phantomjs://code/webelement_request_handler.js:90:30
_reroute@phantomjs://code/request_handler.js:61:20
_handle@phantomjs://code/session_request_handler.js:120:42
_reroute@phantomjs://code/request_handler.js:61:20
_handle@phantomjs://code/router_request_handler.js:78:46 <div class="card" ng-class="ptorQuestionGoA ng-click=" buttonclicked('a')"="">
[ERROR - 2016-10-28T18:04:26.759Z] Session [edd94f30-9d38-11e6-b2e7-359e82fac23f] - page.onError - stack:
  (anonymous function) (https://tktest-martinssf.c9users.io:8081/lib/ionic/js/ionic.bundle.js:26799)
[ERROR - 2016-10-28T18:04:31.453Z] Session [edd94f30-9d38-11e6-b2e7-359e82fac23f] - page.onError - msg: Error: [$parse:syntax] Syntax Error: Token 'ng' is an unexpected token at column 17 of the expression [ptorQuestionGoA ng-click=] starting at [ng-click=].
http://errors.angularjs.org/1.5.3/$parse/syntax?p0=ng&p1=is%20an%20unexpected%20token&p2=17&p3=ptorQuestionGoA%20ng-click%3D&p4=ng-click%3D
throwError@https://tktest-martinssf.c9users.io:8081/lib/ionic/js/ionic.bundle.js:27383:91
ast@https://tktest-martinssf.c9users.io:8081/lib/ionic/js/ionic.bundle.js:27149:22
compile@https://tktest-martinssf.c9users.io:8081/lib/ionic/js/ionic.bundle.js:27597:34
parse@https://tktest-martinssf.c9users.io:8081/lib/ionic/js/ionic.bundle.js:28484:36
$parse@https://tktest-martinssf.c9users.io:8081/lib/ionic/js/ionic.bundle.js:28615:44
$watch@https://tktest-martinssf.c9users.io:8081/lib/ionic/js/ionic.bundle.js:29828:25
link@https://tktest-martinssf.c9users.io:8081/lib/ionic/js/ionic.bundle.js:37238:21
invokeLinkFn@https://tktest-martinssf.c9users.io:8081/lib/ionic/js/ionic.bundle.js:22998:15
nodeLinkFn@https://tktest-martinssf.c9users.io:8081/lib/ionic/js/ionic.bundle.js:22397:23
compositeLinkFn@https://tktest-martinssf.c9users.io:8081/lib/ionic/js/ionic.bundle.js:21708:23
compositeLinkFn@https://tktest-martinssf.c9users.io:8081/lib/ionic/js/ionic.bundle.js:21711:24
nodeLinkFn@https://tktest-martinssf.c9users.io:8081/lib/ionic/js/ionic.bundle.js:22392:35
compositeLinkFn@https://tktest-martinssf.c9users.io:8081/lib/ionic/js/ionic.bundle.js:21708:23
nodeLinkFn@https://tktest-martinssf.c9users.io:8081/lib/ionic/js/ionic.bundle.js:22392:35
compositeLinkFn@https://tktest-martinssf.c9users.io:8081/lib/ionic/js/ionic.bundle.js:21708:23
publicLinkFn@https://tktest-martinssf.c9users.io:8081/lib/ionic/js/ionic.bundle.js:21588:45
appendViewElement@https://tktest-martinssf.c9users.io:8081/lib/ionic/js/ionic.bundle.js:59915:11
render@https://tktest-martinssf.c9users.io:8081/lib/ionic/js/ionic.bundle.js:57901:58
init@https://tktest-martinssf.c9users.io:8081/lib/ionic/js/ionic.bundle.js:57821:26
render@https://tktest-martinssf.c9users.io:8081/lib/ionic/js/ionic.bundle.js:59767:18
register@https://tktest-martinssf.c9users.io:8081/lib/ionic/js/ionic.bundle.js:59725:16
updateView@https://tktest-martinssf.c9users.io:8081/lib/ionic/js/ionic.bundle.js:65400:31
https://tktest-martinssf.c9users.io:8081/lib/ionic/js/ionic.bundle.js:65377:21
$broadcast@https://tktest-martinssf.c9users.io:8081/lib/ionic/js/ionic.bundle.js:30723:33
https://tktest-martinssf.c9users.io:8081/lib/ionic/js/ionic.bundle.js:52162:32
processQueue@https://tktest-martinssf.c9users.io:8081/lib/ionic/js/ionic.bundle.js:29132:30
https://tktest-martinssf.c9users.io:8081/lib/ionic/js/ionic.bundle.js:29148:39
$eval@https://tktest-martinssf.c9users.io:8081/lib/ionic/js/ionic.bundle.js:30400:28
$digest@https://tktest-martinssf.c9users.io:8081/lib/ionic/js/ionic.bundle.js:30216:36
$apply@https://tktest-martinssf.c9users.io:8081/lib/ionic/js/ionic.bundle.js:30508:31
https://tktest-martinssf.c9users.io:8081/lib/ionic/js/ionic.bundle.js:65428:19
defaultHandlerWrapper@https://tktest-martinssf.c9users.io:8081/lib/ionic/js/ionic.bundle.js:16792:15
eventHandler@https://tktest-martinssf.c9users.io:8081/lib/ionic/js/ionic.bundle.js:16780:23
dispatchEvent@[native code]
triggerMouseEvent@https://tktest-martinssf.c9users.io:8081/lib/ionic/js/ionic.bundle.js:2953:20
tapClick@https://tktest-martinssf.c9users.io:8081/lib/ionic/js/ionic.bundle.js:2942:20
tapMouseUp@https://tktest-martinssf.c9users.io:8081/lib/ionic/js/ionic.bundle.js:3018:13
dispatchEvent@[native code]
U
$
$
bh
gh
sh



global code
evaluateJavaScript@[native code]
evaluate@phantomjs://platform/webpage.js:390:39
phantomjs://code/webelement_request_handler.js:405:47
_execFuncAndWaitForLoadDecorator@phantomjs://code/session.js:212:23
_postClickCommand@phantomjs://code/webelement_request_handler.js:403:42
_handle@phantomjs://code/webelement_request_handler.js:90:30
_reroute@phantomjs://code/request_handler.js:61:20
_handle@phantomjs://code/session_request_handler.js:120:42
_reroute@phantomjs://code/request_handler.js:61:20
_handle@phantomjs://code/router_request_handler.js:78:46 <div class="card" ng-class="ptorQuestionGoA ng-click=" buttonclicked('a')"="">
[ERROR - 2016-10-28T18:04:31.453Z] Session [edd94f30-9d38-11e6-b2e7-359e82fac23f] - page.onError - stack:
  (anonymous function) (https://tktest-martinssf.c9users.io:8081/lib/ionic/js/ionic.bundle.js:26799)
[INFO  - 2016-10-28T18:04:32.621Z] ShutdownReqHand - _handle - About to shutdown
[INFO  - 2016-10-28T18:11:21.174Z] GhostDriver - Main - running on port 28518
[INFO  - 2016-10-28T18:11:21.339Z] Session [ee046160-9d39-11e6-8782-056973ee7c68] - page.settings - {"XSSAuditingEnabled":false,"javascriptCanCloseWindows":true,"javascriptCanOpenWindows":true,"javascriptEnabled":true,"loadImages":true,"localToRemoteUrlAccessEnabled":false,"userAgent":"Mozilla/5.0 (Unknown; Linux x86_64) AppleWebKit/538.1 (KHTML, like Gecko) PhantomJS/2.1.1 Safari/538.1","webSecurityEnabled":true}
[INFO  - 2016-10-28T18:11:21.340Z] Session [ee046160-9d39-11e6-8782-056973ee7c68] - page.customHeaders:  - {}
[INFO  - 2016-10-28T18:11:21.340Z] Session [ee046160-9d39-11e6-8782-056973ee7c68] - Session.negotiatedCapabilities - {"browserName":"phantomjs","version":"2.1.1","driverName":"ghostdriver","driverVersion":"1.2.0","platform":"linux-unknown-64bit","javascriptEnabled":true,"takesScreenshot":true,"handlesAlerts":false,"databaseEnabled":false,"locationContextEnabled":false,"applicationCacheEnabled":false,"browserConnectionEnabled":false,"cssSelectorsEnabled":true,"webStorageEnabled":false,"rotatable":false,"acceptSslCerts":false,"nativeEvents":true,"proxy":{"proxyType":"direct"}}
[INFO  - 2016-10-28T18:11:21.340Z] SessionManagerReqHand - _postNewSessionCommand - New Session Created: ee046160-9d39-11e6-8782-056973ee7c68
[ERROR - 2016-10-28T18:11:32.432Z] Session [ee046160-9d39-11e6-8782-056973ee7c68] - page.onError - msg: Error: [$parse:syntax] Syntax Error: Token 'ng' is an unexpected token at column 17 of the expression [ptorQuestionGoA ng-click=] starting at [ng-click=].
http://errors.angularjs.org/1.5.3/$parse/syntax?p0=ng&p1=is%20an%20unexpected%20token&p2=17&p3=ptorQuestionGoA%20ng-click%3D&p4=ng-click%3D
throwError@https://tktest-martinssf.c9users.io:8081/lib/ionic/js/ionic.bundle.js:27383:91
ast@https://tktest-martinssf.c9users.io:8081/lib/ionic/js/ionic.bundle.js:27149:22
compile@https://tktest-martinssf.c9users.io:8081/lib/ionic/js/ionic.bundle.js:27597:34
parse@https://tktest-martinssf.c9users.io:8081/lib/ionic/js/ionic.bundle.js:28484:36
$parse@https://tktest-martinssf.c9users.io:8081/lib/ionic/js/ionic.bundle.js:28615:44
$watch@https://tktest-martinssf.c9users.io:8081/lib/ionic/js/ionic.bundle.js:29828:25
link@https://tktest-martinssf.c9users.io:8081/lib/ionic/js/ionic.bundle.js:37238:21
invokeLinkFn@https://tktest-martinssf.c9users.io:8081/lib/ionic/js/ionic.bundle.js:22998:15
nodeLinkFn@https://tktest-martinssf.c9users.io:8081/lib/ionic/js/ionic.bundle.js:22397:23
compositeLinkFn@https://tktest-martinssf.c9users.io:8081/lib/ionic/js/ionic.bundle.js:21708:23
compositeLinkFn@https://tktest-martinssf.c9users.io:8081/lib/ionic/js/ionic.bundle.js:21711:24
nodeLinkFn@https://tktest-martinssf.c9users.io:8081/lib/ionic/js/ionic.bundle.js:22392:35
compositeLinkFn@https://tktest-martinssf.c9users.io:8081/lib/ionic/js/ionic.bundle.js:21708:23
nodeLinkFn@https://tktest-martinssf.c9users.io:8081/lib/ionic/js/ionic.bundle.js:22392:35
compositeLinkFn@https://tktest-martinssf.c9users.io:8081/lib/ionic/js/ionic.bundle.js:21708:23
publicLinkFn@https://tktest-martinssf.c9users.io:8081/lib/ionic/js/ionic.bundle.js:21588:45
appendViewElement@https://tktest-martinssf.c9users.io:8081/lib/ionic/js/ionic.bundle.js:59915:11
render@https://tktest-martinssf.c9users.io:8081/lib/ionic/js/ionic.bundle.js:57901:58
init@https://tktest-martinssf.c9users.io:8081/lib/ionic/js/ionic.bundle.js:57821:26
render@https://tktest-martinssf.c9users.io:8081/lib/ionic/js/ionic.bundle.js:59767:18
register@https://tktest-martinssf.c9users.io:8081/lib/ionic/js/ionic.bundle.js:59725:16
updateView@https://tktest-martinssf.c9users.io:8081/lib/ionic/js/ionic.bundle.js:65400:31
https://tktest-martinssf.c9users.io:8081/lib/ionic/js/ionic.bundle.js:65377:21
$broadcast@https://tktest-martinssf.c9users.io:8081/lib/ionic/js/ionic.bundle.js:30723:33
https://tktest-martinssf.c9users.io:8081/lib/ionic/js/ionic.bundle.js:52162:32
processQueue@https://tktest-martinssf.c9users.io:8081/lib/ionic/js/ionic.bundle.js:29132:30
https://tktest-martinssf.c9users.io:8081/lib/ionic/js/ionic.bundle.js:29148:39
$eval@https://tktest-martinssf.c9users.io:8081/lib/ionic/js/ionic.bundle.js:30400:28
$digest@https://tktest-martinssf.c9users.io:8081/lib/ionic/js/ionic.bundle.js:30216:36
$apply@https://tktest-martinssf.c9users.io:8081/lib/ionic/js/ionic.bundle.js:30508:31
https://tktest-martinssf.c9users.io:8081/lib/ionic/js/ionic.bundle.js:65428:19
defaultHandlerWrapper@https://tktest-martinssf.c9users.io:8081/lib/ionic/js/ionic.bundle.js:16792:15
eventHandler@https://tktest-martinssf.c9users.io:8081/lib/ionic/js/ionic.bundle.js:16780:23
dispatchEvent@[native code]
triggerMouseEvent@https://tktest-martinssf.c9users.io:8081/lib/ionic/js/ionic.bundle.js:2953:20
tapClick@https://tktest-martinssf.c9users.io:8081/lib/ionic/js/ionic.bundle.js:2942:20
tapMouseUp@https://tktest-martinssf.c9users.io:8081/lib/ionic/js/ionic.bundle.js:3018:13
dispatchEvent@[native code]
U
$
$
bh
gh
sh



global code
evaluateJavaScript@[native code]
evaluate@phantomjs://platform/webpage.js:390:39
phantomjs://code/webelement_request_handler.js:405:47
_execFuncAndWaitForLoadDecorator@phantomjs://code/session.js:212:23
_postClickCommand@phantomjs://code/webelement_request_handler.js:403:42
_handle@phantomjs://code/webelement_request_handler.js:90:30
_reroute@phantomjs://code/request_handler.js:61:20
_handle@phantomjs://code/session_request_handler.js:120:42
_reroute@phantomjs://code/request_handler.js:61:20
_handle@phantomjs://code/router_request_handler.js:78:46 <div class="card" ng-class="ptorQuestionGoA ng-click=" buttonclicked('a')"="">
[ERROR - 2016-10-28T18:11:32.434Z] Session [ee046160-9d39-11e6-8782-056973ee7c68] - page.onError - stack:
  (anonymous function) (https://tktest-martinssf.c9users.io:8081/lib/ionic/js/ionic.bundle.js:26799)
[ERROR - 2016-10-28T18:11:32.443Z] Session [ee046160-9d39-11e6-8782-056973ee7c68] - page.onError - msg: Error: [$parse:syntax] Syntax Error: Token 'ng' is an unexpected token at column 17 of the expression [ptorQuestionGoB ng-click=] starting at [ng-click=].
http://errors.angularjs.org/1.5.3/$parse/syntax?p0=ng&p1=is%20an%20unexpected%20token&p2=17&p3=ptorQuestionGoB%20ng-click%3D&p4=ng-click%3D
throwError@https://tktest-martinssf.c9users.io:8081/lib/ionic/js/ionic.bundle.js:27383:91
ast@https://tktest-martinssf.c9users.io:8081/lib/ionic/js/ionic.bundle.js:27149:22
compile@https://tktest-martinssf.c9users.io:8081/lib/ionic/js/ionic.bundle.js:27597:34
parse@https://tktest-martinssf.c9users.io:8081/lib/ionic/js/ionic.bundle.js:28484:36
$parse@https://tktest-martinssf.c9users.io:8081/lib/ionic/js/ionic.bundle.js:28615:44
$watch@https://tktest-martinssf.c9users.io:8081/lib/ionic/js/ionic.bundle.js:29828:25
link@https://tktest-martinssf.c9users.io:8081/lib/ionic/js/ionic.bundle.js:37238:21
invokeLinkFn@https://tktest-martinssf.c9users.io:8081/lib/ionic/js/ionic.bundle.js:22998:15
nodeLinkFn@https://tktest-martinssf.c9users.io:8081/lib/ionic/js/ionic.bundle.js:22397:23
compositeLinkFn@https://tktest-martinssf.c9users.io:8081/lib/ionic/js/ionic.bundle.js:21708:23
compositeLinkFn@https://tktest-martinssf.c9users.io:8081/lib/ionic/js/ionic.bundle.js:21711:24
nodeLinkFn@https://tktest-martinssf.c9users.io:8081/lib/ionic/js/ionic.bundle.js:22392:35
compositeLinkFn@https://tktest-martinssf.c9users.io:8081/lib/ionic/js/ionic.bundle.js:21708:23
nodeLinkFn@https://tktest-martinssf.c9users.io:8081/lib/ionic/js/ionic.bundle.js:22392:35
compositeLinkFn@https://tktest-martinssf.c9users.io:8081/lib/ionic/js/ionic.bundle.js:21708:23
publicLinkFn@https://tktest-martinssf.c9users.io:8081/lib/ionic/js/ionic.bundle.js:21588:45
appendViewElement@https://tktest-martinssf.c9users.io:8081/lib/ionic/js/ionic.bundle.js:59915:11
render@https://tktest-martinssf.c9users.io:8081/lib/ionic/js/ionic.bundle.js:57901:58
init@https://tktest-martinssf.c9users.io:8081/lib/ionic/js/ionic.bundle.js:57821:26
render@https://tktest-martinssf.c9users.io:8081/lib/ionic/js/ionic.bundle.js:59767:18
register@https://tktest-martinssf.c9users.io:8081/lib/ionic/js/ionic.bundle.js:59725:16
updateView@https://tktest-martinssf.c9users.io:8081/lib/ionic/js/ionic.bundle.js:65400:31
https://tktest-martinssf.c9users.io:8081/lib/ionic/js/ionic.bundle.js:65377:21
$broadcast@https://tktest-martinssf.c9users.io:8081/lib/ionic/js/ionic.bundle.js:30723:33
https://tktest-martinssf.c9users.io:8081/lib/ionic/js/ionic.bundle.js:52162:32
processQueue@https://tktest-martinssf.c9users.io:8081/lib/ionic/js/ionic.bundle.js:29132:30
https://tktest-martinssf.c9users.io:8081/lib/ionic/js/ionic.bundle.js:29148:39
$eval@https://tktest-martinssf.c9users.io:8081/lib/ionic/js/ionic.bundle.js:30400:28
$digest@https://tktest-martinssf.c9users.io:8081/lib/ionic/js/ionic.bundle.js:30216:36
$apply@https://tktest-martinssf.c9users.io:8081/lib/ionic/js/ionic.bundle.js:30508:31
https://tktest-martinssf.c9users.io:8081/lib/ionic/js/ionic.bundle.js:65428:19
defaultHandlerWrapper@https://tktest-martinssf.c9users.io:8081/lib/ionic/js/ionic.bundle.js:16792:15
eventHandler@https://tktest-martinssf.c9users.io:8081/lib/ionic/js/ionic.bundle.js:16780:23
dispatchEvent@[native code]
triggerMouseEvent@https://tktest-martinssf.c9users.io:8081/lib/ionic/js/ionic.bundle.js:2953:20
tapClick@https://tktest-martinssf.c9users.io:8081/lib/ionic/js/ionic.bundle.js:2942:20
tapMouseUp@https://tktest-martinssf.c9users.io:8081/lib/ionic/js/ionic.bundle.js:3018:13
dispatchEvent@[native code]
U
$
$
bh
gh
sh



global code
evaluateJavaScript@[native code]
evaluate@phantomjs://platform/webpage.js:390:39
phantomjs://code/webelement_request_handler.js:405:47
_execFuncAndWaitForLoadDecorator@phantomjs://code/session.js:212:23
_postClickCommand@phantomjs://code/webelement_request_handler.js:403:42
_handle@phantomjs://code/webelement_request_handler.js:90:30
_reroute@phantomjs://code/request_handler.js:61:20
_handle@phantomjs://code/session_request_handler.js:120:42
_reroute@phantomjs://code/request_handler.js:61:20
_handle@phantomjs://code/router_request_handler.js:78:46 <div class="card" ng-class="ptorQuestionGoB ng-click=" buttonclicked('b')"="">
[ERROR - 2016-10-28T18:11:32.445Z] Session [ee046160-9d39-11e6-8782-056973ee7c68] - page.onError - stack:
  (anonymous function) (https://tktest-martinssf.c9users.io:8081/lib/ionic/js/ionic.bundle.js:26799)
[ERROR - 2016-10-28T18:11:36.763Z] Session [ee046160-9d39-11e6-8782-056973ee7c68] - page.onError - msg: Error: [$parse:syntax] Syntax Error: Token 'ng' is an unexpected token at column 17 of the expression [ptorQuestionGoA ng-click=] starting at [ng-click=].
http://errors.angularjs.org/1.5.3/$parse/syntax?p0=ng&p1=is%20an%20unexpected%20token&p2=17&p3=ptorQuestionGoA%20ng-click%3D&p4=ng-click%3D
throwError@https://tktest-martinssf.c9users.io:8081/lib/ionic/js/ionic.bundle.js:27383:91
ast@https://tktest-martinssf.c9users.io:8081/lib/ionic/js/ionic.bundle.js:27149:22
compile@https://tktest-martinssf.c9users.io:8081/lib/ionic/js/ionic.bundle.js:27597:34
parse@https://tktest-martinssf.c9users.io:8081/lib/ionic/js/ionic.bundle.js:28484:36
$parse@https://tktest-martinssf.c9users.io:8081/lib/ionic/js/ionic.bundle.js:28615:44
$watch@https://tktest-martinssf.c9users.io:8081/lib/ionic/js/ionic.bundle.js:29828:25
link@https://tktest-martinssf.c9users.io:8081/lib/ionic/js/ionic.bundle.js:37238:21
invokeLinkFn@https://tktest-martinssf.c9users.io:8081/lib/ionic/js/ionic.bundle.js:22998:15
nodeLinkFn@https://tktest-martinssf.c9users.io:8081/lib/ionic/js/ionic.bundle.js:22397:23
compositeLinkFn@https://tktest-martinssf.c9users.io:8081/lib/ionic/js/ionic.bundle.js:21708:23
compositeLinkFn@https://tktest-martinssf.c9users.io:8081/lib/ionic/js/ionic.bundle.js:21711:24
nodeLinkFn@https://tktest-martinssf.c9users.io:8081/lib/ionic/js/ionic.bundle.js:22392:35
compositeLinkFn@https://tktest-martinssf.c9users.io:8081/lib/ionic/js/ionic.bundle.js:21708:23
nodeLinkFn@https://tktest-martinssf.c9users.io:8081/lib/ionic/js/ionic.bundle.js:22392:35
compositeLinkFn@https://tktest-martinssf.c9users.io:8081/lib/ionic/js/ionic.bundle.js:21708:23
publicLinkFn@https://tktest-martinssf.c9users.io:8081/lib/ionic/js/ionic.bundle.js:21588:45
appendViewElement@https://tktest-martinssf.c9users.io:8081/lib/ionic/js/ionic.bundle.js:59915:11
render@https://tktest-martinssf.c9users.io:8081/lib/ionic/js/ionic.bundle.js:57901:58
init@https://tktest-martinssf.c9users.io:8081/lib/ionic/js/ionic.bundle.js:57821:26
render@https://tktest-martinssf.c9users.io:8081/lib/ionic/js/ionic.bundle.js:59767:18
register@https://tktest-martinssf.c9users.io:8081/lib/ionic/js/ionic.bundle.js:59725:16
updateView@https://tktest-martinssf.c9users.io:8081/lib/ionic/js/ionic.bundle.js:65400:31
https://tktest-martinssf.c9users.io:8081/lib/ionic/js/ionic.bundle.js:65377:21
$broadcast@https://tktest-martinssf.c9users.io:8081/lib/ionic/js/ionic.bundle.js:30723:33
https://tktest-martinssf.c9users.io:8081/lib/ionic/js/ionic.bundle.js:52162:32
processQueue@https://tktest-martinssf.c9users.io:8081/lib/ionic/js/ionic.bundle.js:29132:30
https://tktest-martinssf.c9users.io:8081/lib/ionic/js/ionic.bundle.js:29148:39
$eval@https://tktest-martinssf.c9users.io:8081/lib/ionic/js/ionic.bundle.js:30400:28
$digest@https://tktest-martinssf.c9users.io:8081/lib/ionic/js/ionic.bundle.js:30216:36
$apply@https://tktest-martinssf.c9users.io:8081/lib/ionic/js/ionic.bundle.js:30508:31
https://tktest-martinssf.c9users.io:8081/lib/ionic/js/ionic.bundle.js:65428:19
defaultHandlerWrapper@https://tktest-martinssf.c9users.io:8081/lib/ionic/js/ionic.bundle.js:16792:15
eventHandler@https://tktest-martinssf.c9users.io:8081/lib/ionic/js/ionic.bundle.js:16780:23
dispatchEvent@[native code]
triggerMouseEvent@https://tktest-martinssf.c9users.io:8081/lib/ionic/js/ionic.bundle.js:2953:20
tapClick@https://tktest-martinssf.c9users.io:8081/lib/ionic/js/ionic.bundle.js:2942:20
tapMouseUp@https://tktest-martinssf.c9users.io:8081/lib/ionic/js/ionic.bundle.js:3018:13
dispatchEvent@[native code]
U
$
$
bh
gh
sh



global code
evaluateJavaScript@[native code]
evaluate@phantomjs://platform/webpage.js:390:39
phantomjs://code/webelement_request_handler.js:405:47
_execFuncAndWaitForLoadDecorator@phantomjs://code/session.js:212:23
_postClickCommand@phantomjs://code/webelement_request_handler.js:403:42
_handle@phantomjs://code/webelement_request_handler.js:90:30
_reroute@phantomjs://code/request_handler.js:61:20
_handle@phantomjs://code/session_request_handler.js:120:42
_reroute@phantomjs://code/request_handler.js:61:20
_handle@phantomjs://code/router_request_handler.js:78:46 <div class="card" ng-class="ptorQuestionGoA ng-click=" buttonclicked('a')"="">
[ERROR - 2016-10-28T18:11:36.764Z] Session [ee046160-9d39-11e6-8782-056973ee7c68] - page.onError - stack:
  (anonymous function) (https://tktest-martinssf.c9users.io:8081/lib/ionic/js/ionic.bundle.js:26799)
[ERROR - 2016-10-28T18:11:36.771Z] Session [ee046160-9d39-11e6-8782-056973ee7c68] - page.onError - msg: Error: [$parse:syntax] Syntax Error: Token 'ng' is an unexpected token at column 17 of the expression [ptorQuestionGoB ng-click=] starting at [ng-click=].
http://errors.angularjs.org/1.5.3/$parse/syntax?p0=ng&p1=is%20an%20unexpected%20token&p2=17&p3=ptorQuestionGoB%20ng-click%3D&p4=ng-click%3D
throwError@https://tktest-martinssf.c9users.io:8081/lib/ionic/js/ionic.bundle.js:27383:91
ast@https://tktest-martinssf.c9users.io:8081/lib/ionic/js/ionic.bundle.js:27149:22
compile@https://tktest-martinssf.c9users.io:8081/lib/ionic/js/ionic.bundle.js:27597:34
parse@https://tktest-martinssf.c9users.io:8081/lib/ionic/js/ionic.bundle.js:28484:36
$parse@https://tktest-martinssf.c9users.io:8081/lib/ionic/js/ionic.bundle.js:28615:44
$watch@https://tktest-martinssf.c9users.io:8081/lib/ionic/js/ionic.bundle.js:29828:25
link@https://tktest-martinssf.c9users.io:8081/lib/ionic/js/ionic.bundle.js:37238:21
invokeLinkFn@https://tktest-martinssf.c9users.io:8081/lib/ionic/js/ionic.bundle.js:22998:15
nodeLinkFn@https://tktest-martinssf.c9users.io:8081/lib/ionic/js/ionic.bundle.js:22397:23
compositeLinkFn@https://tktest-martinssf.c9users.io:8081/lib/ionic/js/ionic.bundle.js:21708:23
compositeLinkFn@https://tktest-martinssf.c9users.io:8081/lib/ionic/js/ionic.bundle.js:21711:24
nodeLinkFn@https://tktest-martinssf.c9users.io:8081/lib/ionic/js/ionic.bundle.js:22392:35
compositeLinkFn@https://tktest-martinssf.c9users.io:8081/lib/ionic/js/ionic.bundle.js:21708:23
nodeLinkFn@https://tktest-martinssf.c9users.io:8081/lib/ionic/js/ionic.bundle.js:22392:35
compositeLinkFn@https://tktest-martinssf.c9users.io:8081/lib/ionic/js/ionic.bundle.js:21708:23
publicLinkFn@https://tktest-martinssf.c9users.io:8081/lib/ionic/js/ionic.bundle.js:21588:45
appendViewElement@https://tktest-martinssf.c9users.io:8081/lib/ionic/js/ionic.bundle.js:59915:11
render@https://tktest-martinssf.c9users.io:8081/lib/ionic/js/ionic.bundle.js:57901:58
init@https://tktest-martinssf.c9users.io:8081/lib/ionic/js/ionic.bundle.js:57821:26
render@https://tktest-martinssf.c9users.io:8081/lib/ionic/js/ionic.bundle.js:59767:18
register@https://tktest-martinssf.c9users.io:8081/lib/ionic/js/ionic.bundle.js:59725:16
updateView@https://tktest-martinssf.c9users.io:8081/lib/ionic/js/ionic.bundle.js:65400:31
https://tktest-martinssf.c9users.io:8081/lib/ionic/js/ionic.bundle.js:65377:21
$broadcast@https://tktest-martinssf.c9users.io:8081/lib/ionic/js/ionic.bundle.js:30723:33
https://tktest-martinssf.c9users.io:8081/lib/ionic/js/ionic.bundle.js:52162:32
processQueue@https://tktest-martinssf.c9users.io:8081/lib/ionic/js/ionic.bundle.js:29132:30
https://tktest-martinssf.c9users.io:8081/lib/ionic/js/ionic.bundle.js:29148:39
$eval@https://tktest-martinssf.c9users.io:8081/lib/ionic/js/ionic.bundle.js:30400:28
$digest@https://tktest-martinssf.c9users.io:8081/lib/ionic/js/ionic.bundle.js:30216:36
$apply@https://tktest-martinssf.c9users.io:8081/lib/ionic/js/ionic.bundle.js:30508:31
https://tktest-martinssf.c9users.io:8081/lib/ionic/js/ionic.bundle.js:65428:19
defaultHandlerWrapper@https://tktest-martinssf.c9users.io:8081/lib/ionic/js/ionic.bundle.js:16792:15
eventHandler@https://tktest-martinssf.c9users.io:8081/lib/ionic/js/ionic.bundle.js:16780:23
dispatchEvent@[native code]
triggerMouseEvent@https://tktest-martinssf.c9users.io:8081/lib/ionic/js/ionic.bundle.js:2953:20
tapClick@https://tktest-martinssf.c9users.io:8081/lib/ionic/js/ionic.bundle.js:2942:20
tapMouseUp@https://tktest-martinssf.c9users.io:8081/lib/ionic/js/ionic.bundle.js:3018:13
dispatchEvent@[native code]
U
$
$
bh
gh
sh



global code
evaluateJavaScript@[native code]
evaluate@phantomjs://platform/webpage.js:390:39
phantomjs://code/webelement_request_handler.js:405:47
_execFuncAndWaitForLoadDecorator@phantomjs://code/session.js:212:23
_postClickCommand@phantomjs://code/webelement_request_handler.js:403:42
_handle@phantomjs://code/webelement_request_handler.js:90:30
_reroute@phantomjs://code/request_handler.js:61:20
_handle@phantomjs://code/session_request_handler.js:120:42
_reroute@phantomjs://code/request_handler.js:61:20
_handle@phantomjs://code/router_request_handler.js:78:46 <div class="card" ng-class="ptorQuestionGoB ng-click=" buttonclicked('b')"="">
[ERROR - 2016-10-28T18:11:36.772Z] Session [ee046160-9d39-11e6-8782-056973ee7c68] - page.onError - stack:
  (anonymous function) (https://tktest-martinssf.c9users.io:8081/lib/ionic/js/ionic.bundle.js:26799)
[ERROR - 2016-10-28T18:11:41.718Z] Session [ee046160-9d39-11e6-8782-056973ee7c68] - page.onError - msg: Error: [$parse:syntax] Syntax Error: Token 'ng' is an unexpected token at column 17 of the expression [ptorQuestionGoA ng-click=] starting at [ng-click=].
http://errors.angularjs.org/1.5.3/$parse/syntax?p0=ng&p1=is%20an%20unexpected%20token&p2=17&p3=ptorQuestionGoA%20ng-click%3D&p4=ng-click%3D
throwError@https://tktest-martinssf.c9users.io:8081/lib/ionic/js/ionic.bundle.js:27383:91
ast@https://tktest-martinssf.c9users.io:8081/lib/ionic/js/ionic.bundle.js:27149:22
compile@https://tktest-martinssf.c9users.io:8081/lib/ionic/js/ionic.bundle.js:27597:34
parse@https://tktest-martinssf.c9users.io:8081/lib/ionic/js/ionic.bundle.js:28484:36
$parse@https://tktest-martinssf.c9users.io:8081/lib/ionic/js/ionic.bundle.js:28615:44
$watch@https://tktest-martinssf.c9users.io:8081/lib/ionic/js/ionic.bundle.js:29828:25
link@https://tktest-martinssf.c9users.io:8081/lib/ionic/js/ionic.bundle.js:37238:21
invokeLinkFn@https://tktest-martinssf.c9users.io:8081/lib/ionic/js/ionic.bundle.js:22998:15
nodeLinkFn@https://tktest-martinssf.c9users.io:8081/lib/ionic/js/ionic.bundle.js:22397:23
compositeLinkFn@https://tktest-martinssf.c9users.io:8081/lib/ionic/js/ionic.bundle.js:21708:23
compositeLinkFn@https://tktest-martinssf.c9users.io:8081/lib/ionic/js/ionic.bundle.js:21711:24
nodeLinkFn@https://tktest-martinssf.c9users.io:8081/lib/ionic/js/ionic.bundle.js:22392:35
compositeLinkFn@https://tktest-martinssf.c9users.io:8081/lib/ionic/js/ionic.bundle.js:21708:23
nodeLinkFn@https://tktest-martinssf.c9users.io:8081/lib/ionic/js/ionic.bundle.js:22392:35
compositeLinkFn@https://tktest-martinssf.c9users.io:8081/lib/ionic/js/ionic.bundle.js:21708:23
publicLinkFn@https://tktest-martinssf.c9users.io:8081/lib/ionic/js/ionic.bundle.js:21588:45
appendViewElement@https://tktest-martinssf.c9users.io:8081/lib/ionic/js/ionic.bundle.js:59915:11
render@https://tktest-martinssf.c9users.io:8081/lib/ionic/js/ionic.bundle.js:57901:58
init@https://tktest-martinssf.c9users.io:8081/lib/ionic/js/ionic.bundle.js:57821:26
render@https://tktest-martinssf.c9users.io:8081/lib/ionic/js/ionic.bundle.js:59767:18
register@https://tktest-martinssf.c9users.io:8081/lib/ionic/js/ionic.bundle.js:59725:16
updateView@https://tktest-martinssf.c9users.io:8081/lib/ionic/js/ionic.bundle.js:65400:31
https://tktest-martinssf.c9users.io:8081/lib/ionic/js/ionic.bundle.js:65377:21
$broadcast@https://tktest-martinssf.c9users.io:8081/lib/ionic/js/ionic.bundle.js:30723:33
https://tktest-martinssf.c9users.io:8081/lib/ionic/js/ionic.bundle.js:52162:32
processQueue@https://tktest-martinssf.c9users.io:8081/lib/ionic/js/ionic.bundle.js:29132:30
https://tktest-martinssf.c9users.io:8081/lib/ionic/js/ionic.bundle.js:29148:39
$eval@https://tktest-martinssf.c9users.io:8081/lib/ionic/js/ionic.bundle.js:30400:28
$digest@https://tktest-martinssf.c9users.io:8081/lib/ionic/js/ionic.bundle.js:30216:36
$apply@https://tktest-martinssf.c9users.io:8081/lib/ionic/js/ionic.bundle.js:30508:31
https://tktest-martinssf.c9users.io:8081/lib/ionic/js/ionic.bundle.js:65428:19
defaultHandlerWrapper@https://tktest-martinssf.c9users.io:8081/lib/ionic/js/ionic.bundle.js:16792:15
eventHandler@https://tktest-martinssf.c9users.io:8081/lib/ionic/js/ionic.bundle.js:16780:23
dispatchEvent@[native code]
triggerMouseEvent@https://tktest-martinssf.c9users.io:8081/lib/ionic/js/ionic.bundle.js:2953:20
tapClick@https://tktest-martinssf.c9users.io:8081/lib/ionic/js/ionic.bundle.js:2942:20
tapMouseUp@https://tktest-martinssf.c9users.io:8081/lib/ionic/js/ionic.bundle.js:3018:13
dispatchEvent@[native code]
U
$
$
bh
gh
sh



global code
evaluateJavaScript@[native code]
evaluate@phantomjs://platform/webpage.js:390:39
phantomjs://code/webelement_request_handler.js:405:47
_execFuncAndWaitForLoadDecorator@phantomjs://code/session.js:212:23
_postClickCommand@phantomjs://code/webelement_request_handler.js:403:42
_handle@phantomjs://code/webelement_request_handler.js:90:30
_reroute@phantomjs://code/request_handler.js:61:20
_handle@phantomjs://code/session_request_handler.js:120:42
_reroute@phantomjs://code/request_handler.js:61:20
_handle@phantomjs://code/router_request_handler.js:78:46 <div class="card" ng-class="ptorQuestionGoA ng-click=" buttonclicked('a')"="">
[ERROR - 2016-10-28T18:11:41.719Z] Session [ee046160-9d39-11e6-8782-056973ee7c68] - page.onError - stack:
  (anonymous function) (https://tktest-martinssf.c9users.io:8081/lib/ionic/js/ionic.bundle.js:26799)
[ERROR - 2016-10-28T18:11:41.721Z] Session [ee046160-9d39-11e6-8782-056973ee7c68] - page.onError - msg: Error: [$parse:syntax] Syntax Error: Token 'ng' is an unexpected token at column 17 of the expression [ptorQuestionGoB ng-click=] starting at [ng-click=].
http://errors.angularjs.org/1.5.3/$parse/syntax?p0=ng&p1=is%20an%20unexpected%20token&p2=17&p3=ptorQuestionGoB%20ng-click%3D&p4=ng-click%3D
throwError@https://tktest-martinssf.c9users.io:8081/lib/ionic/js/ionic.bundle.js:27383:91
ast@https://tktest-martinssf.c9users.io:8081/lib/ionic/js/ionic.bundle.js:27149:22
compile@https://tktest-martinssf.c9users.io:8081/lib/ionic/js/ionic.bundle.js:27597:34
parse@https://tktest-martinssf.c9users.io:8081/lib/ionic/js/ionic.bundle.js:28484:36
$parse@https://tktest-martinssf.c9users.io:8081/lib/ionic/js/ionic.bundle.js:28615:44
$watch@https://tktest-martinssf.c9users.io:8081/lib/ionic/js/ionic.bundle.js:29828:25
link@https://tktest-martinssf.c9users.io:8081/lib/ionic/js/ionic.bundle.js:37238:21
invokeLinkFn@https://tktest-martinssf.c9users.io:8081/lib/ionic/js/ionic.bundle.js:22998:15
nodeLinkFn@https://tktest-martinssf.c9users.io:8081/lib/ionic/js/ionic.bundle.js:22397:23
compositeLinkFn@https://tktest-martinssf.c9users.io:8081/lib/ionic/js/ionic.bundle.js:21708:23
compositeLinkFn@https://tktest-martinssf.c9users.io:8081/lib/ionic/js/ionic.bundle.js:21711:24
nodeLinkFn@https://tktest-martinssf.c9users.io:8081/lib/ionic/js/ionic.bundle.js:22392:35
compositeLinkFn@https://tktest-martinssf.c9users.io:8081/lib/ionic/js/ionic.bundle.js:21708:23
nodeLinkFn@https://tktest-martinssf.c9users.io:8081/lib/ionic/js/ionic.bundle.js:22392:35
compositeLinkFn@https://tktest-martinssf.c9users.io:8081/lib/ionic/js/ionic.bundle.js:21708:23
publicLinkFn@https://tktest-martinssf.c9users.io:8081/lib/ionic/js/ionic.bundle.js:21588:45
appendViewElement@https://tktest-martinssf.c9users.io:8081/lib/ionic/js/ionic.bundle.js:59915:11
render@https://tktest-martinssf.c9users.io:8081/lib/ionic/js/ionic.bundle.js:57901:58
init@https://tktest-martinssf.c9users.io:8081/lib/ionic/js/ionic.bundle.js:57821:26
render@https://tktest-martinssf.c9users.io:8081/lib/ionic/js/ionic.bundle.js:59767:18
register@https://tktest-martinssf.c9users.io:8081/lib/ionic/js/ionic.bundle.js:59725:16
updateView@https://tktest-martinssf.c9users.io:8081/lib/ionic/js/ionic.bundle.js:65400:31
https://tktest-martinssf.c9users.io:8081/lib/ionic/js/ionic.bundle.js:65377:21
$broadcast@https://tktest-martinssf.c9users.io:8081/lib/ionic/js/ionic.bundle.js:30723:33
https://tktest-martinssf.c9users.io:8081/lib/ionic/js/ionic.bundle.js:52162:32
processQueue@https://tktest-martinssf.c9users.io:8081/lib/ionic/js/ionic.bundle.js:29132:30
https://tktest-martinssf.c9users.io:8081/lib/ionic/js/ionic.bundle.js:29148:39
$eval@https://tktest-martinssf.c9users.io:8081/lib/ionic/js/ionic.bundle.js:30400:28
$digest@https://tktest-martinssf.c9users.io:8081/lib/ionic/js/ionic.bundle.js:30216:36
$apply@https://tktest-martinssf.c9users.io:8081/lib/ionic/js/ionic.bundle.js:30508:31
https://tktest-martinssf.c9users.io:8081/lib/ionic/js/ionic.bundle.js:65428:19
defaultHandlerWrapper@https://tktest-martinssf.c9users.io:8081/lib/ionic/js/ionic.bundle.js:16792:15
eventHandler@https://tktest-martinssf.c9users.io:8081/lib/ionic/js/ionic.bundle.js:16780:23
dispatchEvent@[native code]
triggerMouseEvent@https://tktest-martinssf.c9users.io:8081/lib/ionic/js/ionic.bundle.js:2953:20
tapClick@https://tktest-martinssf.c9users.io:8081/lib/ionic/js/ionic.bundle.js:2942:20
tapMouseUp@https://tktest-martinssf.c9users.io:8081/lib/ionic/js/ionic.bundle.js:3018:13
dispatchEvent@[native code]
U
$
$
bh
gh
sh



global code
evaluateJavaScript@[native code]
evaluate@phantomjs://platform/webpage.js:390:39
phantomjs://code/webelement_request_handler.js:405:47
_execFuncAndWaitForLoadDecorator@phantomjs://code/session.js:212:23
_postClickCommand@phantomjs://code/webelement_request_handler.js:403:42
_handle@phantomjs://code/webelement_request_handler.js:90:30
_reroute@phantomjs://code/request_handler.js:61:20
_handle@phantomjs://code/session_request_handler.js:120:42
_reroute@phantomjs://code/request_handler.js:61:20
_handle@phantomjs://code/router_request_handler.js:78:46 <div class="card" ng-class="ptorQuestionGoB ng-click=" buttonclicked('b')"="">
[ERROR - 2016-10-28T18:11:41.721Z] Session [ee046160-9d39-11e6-8782-056973ee7c68] - page.onError - stack:
  (anonymous function) (https://tktest-martinssf.c9users.io:8081/lib/ionic/js/ionic.bundle.js:26799)
[INFO  - 2016-10-28T18:11:42.955Z] ShutdownReqHand - _handle - About to shutdown
